360FloatWindowDemo/app/build/outputs/logs/manifest-merger-debug-report.txt
-- Merging decision tree log ---
manifest
ADDED from src\main\AndroidManifest.xml:2:1-75:12
	package
		ADDED from src\main\AndroidManifest.xml:3:5-39
		INJECTED from src\main\AndroidManifest.xml
		INJECTED from src\main\AndroidManifest.xml
	android:versionName
		ADDED from src\main\AndroidManifest.xml:5:5-30
		INJECTED from src\main\AndroidManifest.xml
		INJECTED from src\main\AndroidManifest.xml
	android:versionCode
		ADDED from src\main\AndroidManifest.xml:4:5-28
		INJECTED from src\main\AndroidManifest.xml
		INJECTED from src\main\AndroidManifest.xml
	xmlns:android
		ADDED from src\main\AndroidManifest.xml:2:11-69
uses-permission#android.permission.SYSTEM_ALERT_WINDOW
ADDED from src\main\AndroidManifest.xml:7:5-78
	android:name
		ADDED from src\main\AndroidManifest.xml:7:22-75
uses-permission#android.permission.RECORD_AUDIO
ADDED from src\main\AndroidManifest.xml:9:5-71
	android:name
		ADDED from src\main\AndroidManifest.xml:9:22-68
uses-permission#android.permission.ACCESS_NETWORK_STATE
ADDED from src\main\AndroidManifest.xml:10:5-79
	android:name
		ADDED from src\main\AndroidManifest.xml:10:22-76
uses-permission#android.permission.INTERNET
ADDED from src\main\AndroidManifest.xml:11:5-67
	android:name
		ADDED from src\main\AndroidManifest.xml:11:22-64
uses-permission#android.permission.READ_PHONE_STATE
ADDED from src\main\AndroidManifest.xml:12:5-75
	android:name
		ADDED from src\main\AndroidManifest.xml:12:22-72
uses-permission#android.permission.WRITE_EXTERNAL_STORAGE
ADDED from src\main\AndroidManifest.xml:13:5-81
	android:name
		ADDED from src\main\AndroidManifest.xml:13:22-78
uses-sdk
ADDED from src\main\AndroidManifest.xml:15:5-17:40
	android:targetSdkVersion
		ADDED from src\main\AndroidManifest.xml:17:9-37
		INJECTED from src\main\AndroidManifest.xml
		INJECTED from src\main\AndroidManifest.xml
	android:minSdkVersion
		ADDED from src\main\AndroidManifest.xml:16:9-34
		INJECTED from src\main\AndroidManifest.xml
		INJECTED from src\main\AndroidManifest.xml
application
ADDED from src\main\AndroidManifest.xml:19:5-73:19
	android:label
		ADDED from src\main\AndroidManifest.xml:22:9-41
	android:allowBackup
		ADDED from src\main\AndroidManifest.xml:20:9-35
	android:icon
		ADDED from src\main\AndroidManifest.xml:21:9-45
	android:theme
		ADDED from src\main\AndroidManifest.xml:23:9-40
activity#com.demo.floatwindowdemo.MainActivity
ADDED from src\main\AndroidManifest.xml:24:9-32:20
	android:label
		ADDED from src\main\AndroidManifest.xml:26:13-45
	android:name
		ADDED from src\main\AndroidManifest.xml:25:13-65
intent-filter#android.intent.action.MAIN+android.intent.category.LAUNCHER
ADDED from src\main\AndroidManifest.xml:27:13-31:29
action#android.intent.action.MAIN
ADDED from src\main\AndroidManifest.xml:28:17-69
	android:name
		ADDED from src\main\AndroidManifest.xml:28:25-66
category#android.intent.category.LAUNCHER
ADDED from src\main\AndroidManifest.xml:30:17-77
	android:name
		ADDED from src\main\AndroidManifest.xml:30:27-74
activity#com.demo.floatwindowdemo.myPanel
ADDED from src\main\AndroidManifest.xml:34:9-37:20
	android:theme
		ADDED from src\main\AndroidManifest.xml:36:13-49
	android:name
		ADDED from src\main\AndroidManifest.xml:35:13-36
service#com.demo.floatwindowdemo.FloatWindowService
ADDED from src\main\AndroidManifest.xml:41:9-63
	android:name
		ADDED from src\main\AndroidManifest.xml:41:18-52
meta-data#com.baidu.speech.APP_ID
ADDED from src\main\AndroidManifest.xml:55:9-84
	android:value
		ADDED from src\main\AndroidManifest.xml:55:59-82
	android:name
		ADDED from src\main\AndroidManifest.xml:55:20-58
meta-data#com.baidu.speech.API_KEY
ADDED from src\main\AndroidManifest.xml:56:9-102
	android:value
		ADDED from src\main\AndroidManifest.xml:56:60-100
	android:name
		ADDED from src\main\AndroidManifest.xml:56:20-59
meta-data#com.baidu.speech.SECRET_KEY
ADDED from src\main\AndroidManifest.xml:57:9-113
	android:value
		ADDED from src\main\AndroidManifest.xml:57:63-111
	android:name
		ADDED from src\main\AndroidManifest.xml:57:20-62
service#com.baidu.speech.VoiceRecognitionService
ADDED from src\main\AndroidManifest.xml:58:9-101
	android:exported
		ADDED from src\main\AndroidManifest.xml:58:74-98
	android:name
		ADDED from src\main\AndroidManifest.xml:58:18-73
activity#com.baidu.voicerecognition.android.ui.BaiduASRDigitalDialog
ADDED from src\main\AndroidManifest.xml:59:9-69:20
	android:screenOrientation
		ADDED from src\main\AndroidManifest.xml:64:13-49
	android:exported
		ADDED from src\main\AndroidManifest.xml:63:13-37
	android:configChanges
		ADDED from src\main\AndroidManifest.xml:61:13-76
	android:theme
		ADDED from src\main\AndroidManifest.xml:62:13-56
	android:name
		ADDED from src\main\AndroidManifest.xml:60:13-87
intent-filter#android.intent.category.DEFAULT+com.baidu.action.RECOGNIZE_SPEECH
ADDED from src\main\AndroidManifest.xml:65:13-68:29
action#com.baidu.action.RECOGNIZE_SPEECH
ADDED from src\main\AndroidManifest.xml:66:17-76
	android:name
		ADDED from src\main\AndroidManifest.xml:66:25-73
category#android.intent.category.DEFAULT
ADDED from src\main\AndroidManifest.xml:67:17-76
	android:name
		ADDED from src\main\AndroidManifest.xml:67:27-73